2025-11-11T10:39:46.180+07:00  INFO 5796 --- [social] [main] com.example.social.SocialApplication     : Starting SocialApplication using Java 17.0.15 with PID 5796 (F:\Khank_Sky\HAU\DoAn\mangmt\mini-social\social-be\target\classes started by Quoc Khanh in F:\Khank_Sky\HAU\DoAn\mangmt\mini-social\social-be)
2025-11-11T10:39:46.182+07:00  INFO 5796 --- [social] [main] com.example.social.SocialApplication     : No active profile set, falling back to 1 default profile: "default"
2025-11-11T10:39:46.782+07:00  INFO 5796 --- [social] [main] .s.d.r.c.RepositoryConfigurationDelegate : Bootstrapping Spring Data JPA repositories in DEFAULT mode.
2025-11-11T10:39:46.824+07:00  INFO 5796 --- [social] [main] .s.d.r.c.RepositoryConfigurationDelegate : Finished Spring Data repository scanning in 36 ms. Found 1 JPA repository interface.
2025-11-11T10:39:47.192+07:00  INFO 5796 --- [social] [main] o.s.b.w.embedded.tomcat.TomcatWebServer  : Tomcat initialized with port 9090 (http)
2025-11-11T10:39:47.201+07:00  INFO 5796 --- [social] [main] o.apache.catalina.core.StandardService   : Starting service [Tomcat]
2025-11-11T10:39:47.201+07:00  INFO 5796 --- [social] [main] o.apache.catalina.core.StandardEngine    : Starting Servlet engine: [Apache Tomcat/10.1.48]
2025-11-11T10:39:47.235+07:00  INFO 5796 --- [social] [main] o.a.c.c.C.[Tomcat].[localhost].[/]       : Initializing Spring embedded WebApplicationContext
2025-11-11T10:39:47.235+07:00  INFO 5796 --- [social] [main] w.s.c.ServletWebServerApplicationContext : Root WebApplicationContext: initialization completed in 1015 ms
2025-11-11T10:39:47.332+07:00  INFO 5796 --- [social] [main] o.hibernate.jpa.internal.util.LogHelper  : HHH000204: Processing PersistenceUnitInfo [name: default]
2025-11-11T10:39:47.360+07:00  INFO 5796 --- [social] [main] org.hibernate.Version                    : HHH000412: Hibernate ORM core version 6.6.33.Final
2025-11-11T10:39:47.382+07:00  INFO 5796 --- [social] [main] o.h.c.internal.RegionFactoryInitiator    : HHH000026: Second-level cache disabled
2025-11-11T10:39:47.582+07:00  INFO 5796 --- [social] [main] o.s.o.j.p.SpringPersistenceUnitInfo      : No LoadTimeWeaver setup: ignoring JPA class transformer
2025-11-11T10:39:47.601+07:00  INFO 5796 --- [social] [main] com.zaxxer.hikari.HikariDataSource       : HikariPool-1 - Starting...
2025-11-11T10:39:47.798+07:00  INFO 5796 --- [social] [main] com.zaxxer.hikari.pool.HikariPool        : HikariPool-1 - Added connection com.mysql.cj.jdbc.ConnectionImpl@4ba13fed
2025-11-11T10:39:47.800+07:00  INFO 5796 --- [social] [main] com.zaxxer.hikari.HikariDataSource       : HikariPool-1 - Start completed.
2025-11-11T10:39:47.835+07:00  WARN 5796 --- [social] [main] org.hibernate.orm.deprecation            : HHH90000025: MySQL8Dialect does not need to be specified explicitly using 'hibernate.dialect' (remove the property setting and it will be selected by default)
2025-11-11T10:39:47.836+07:00  WARN 5796 --- [social] [main] org.hibernate.orm.deprecation            : HHH90000026: MySQL8Dialect has been deprecated; use org.hibernate.dialect.MySQLDialect instead
2025-11-11T10:39:47.850+07:00  INFO 5796 --- [social] [main] org.hibernate.orm.connections.pooling    : HHH10001005: Database info:
	Database JDBC URL [Connecting through datasource 'HikariDataSource (HikariPool-1)']
	Database driver: undefined/unknown
	Database version: 8.0
	Autocommit mode: undefined/unknown
	Isolation level: undefined/unknown
	Minimum pool size: undefined/unknown
	Maximum pool size: undefined/unknown
2025-11-11T10:39:48.629+07:00  INFO 5796 --- [social] [main] o.h.e.t.j.p.i.JtaPlatformInitiator       : HHH000489: No JTA platform available (set 'hibernate.transaction.jta.platform' to enable JTA platform integration)
2025-11-11T10:39:48.726+07:00  INFO 5796 --- [social] [main] j.LocalContainerEntityManagerFactoryBean : Initialized JPA EntityManagerFactory for persistence unit 'default'
2025-11-11T10:39:49.005+07:00  WARN 5796 --- [social] [main] JpaBaseConfiguration$JpaWebConfiguration : spring.jpa.open-in-view is enabled by default. Therefore, database queries may be performed during view rendering. Explicitly configure spring.jpa.open-in-view to disable this warning
2025-11-11T10:39:49.023+07:00  INFO 5796 --- [social] [main] r$InitializeUserDetailsManagerConfigurer : Global AuthenticationManager configured with UserDetailsService bean with name userDetailsService
2025-11-11T10:39:49.513+07:00  INFO 5796 --- [social] [main] o.s.b.w.embedded.tomcat.TomcatWebServer  : Tomcat started on port 9090 (http) with context path '/'
2025-11-11T10:39:49.519+07:00  INFO 5796 --- [social] [main] com.example.social.SocialApplication     : Started SocialApplication in 3.828 seconds (process running for 4.345)
2025-11-11T10:39:51.522+07:00  INFO 5796 --- [social] [SpringApplicationShutdownHook] o.s.b.w.e.tomcat.GracefulShutdown        : Commencing graceful shutdown. Waiting for active requests to complete
